<?xml version="1.0" encoding="UTF-8"?>
<!-- Generated by org.testng.reporters.JUnitXMLReporter -->
<testsuite ignored="0" hostname="DESKTOP-QUJGMTS" failures="1" tests="2" name="Catalog" time="35.042" errors="0" timestamp="15 Aug 2019 16:15:39 GMT">
  <testcase classname="com.automationpractice.test.test_cases.Catalog" name="SortHighestFirst" time="5.049">
    <failure type="java.lang.AssertionError" message="expected [false] but found [true]">
      <![CDATA[java.lang.AssertionError: expected [false] but found [true]
at com.automationpractice.test.pages.CatalogPage.verifySortResult(CatalogPage.java:67)
at com.automationpractice.test.test_cases.Catalog.SortHighestFirst(Catalog.java:31)
at java.base/java.util.concurrent.ThreadPoolExecutor.runWorker(ThreadPoolExecutor.java:1128)
at java.base/java.util.concurrent.ThreadPoolExecutor$Worker.run(ThreadPoolExecutor.java:628)
at java.base/java.lang.Thread.run(Thread.java:834)
... Removed 16 stack frames]]>
    </failure>
  </testcase> <!-- SortHighestFirst -->
  <testcase classname="com.automationpractice.test.test_cases.Catalog" name="changeViewToList" time="3.633"/>
</testsuite> <!-- Catalog -->
