<?xml version="1.0" encoding="UTF-8"?>
<testsuite xmlns:xsi="http://www.w3.org/2001/XMLSchema-instance" xsi:noNamespaceSchemaLocation="https://maven.apache.org/surefire/maven-surefire-plugin/xsd/surefire-test-report.xsd" name="TestSuite" time="37.898" tests="2" errors="0" skipped="0" failures="1">
  <properties>
[...]
</properties>
  <testcase name="SortHighestFirst" classname="com.automationpractice.test.test_cases.Catalog" time="5.071">
    <failure message="expected [false] but found [true]" type="java.lang.AssertionError">java.lang.AssertionError: expected [false] but found [true]
	at com.automationpractice.test.test_cases.Catalog.SortHighestFirst(Catalog.java:31)
</failure>
    <system-out><![CDATA[ 
Local Operating System: WINDOWS 10
Local Architecture: amd64
Selected Browser: CHROME
 
 
Local Operating System: WINDOWS 10
Local Architecture: amd64
Selected Browser: CHROME
 
]]></system-out>
    <system-err><![CDATA[Starting ChromeDriver 2.43.600210 (68dcf5eebde37173d4027fa8635e332711d2874a) on port 2995
Only local connections are allowed.
Aug 15, 2019 11:15:07 PM org.openqa.selenium.remote.ProtocolHandshake createSession
INFO: Detected dialect: OSS
Starting ChromeDriver 2.43.600210 (68dcf5eebde37173d4027fa8635e332711d2874a) on port 29927
Only local connections are allowed.
Aug 15, 2019 11:15:10 PM org.openqa.selenium.remote.ProtocolHandshake createSession
INFO: Detected dialect: OSS
]]></system-err>
  </testcase>
  <testcase name="changeViewToList" classname="com.automationpractice.test.test_cases.Catalog" time="3.633"/>
</testsuite>